Using pre-set license
Built from '2021.3/staging' branch; Version is '2021.3.0f1 (6eacc8284459) revision 7253192'; Using compiler version '192829333'; Build Type 'Release'
OS: 'Windows 10  (10.0.19044) 64bit Professional' Language: 'en' Physical Memory: 8101 MB
BatchMode: 1, IsHumanControllingUs: 0, StartBugReporterOnCrash: 0, Is64bit: 1, IsPro: 1

COMMAND LINE ARGUMENTS:
C:\Program Files\Unity\Hub\Editor\2021.3.0f1\Editor\Unity.exe
-adb2
-batchMode
-noUpm
-name
AssetImportWorker6
-projectPath
C:/Users/User/BOWLING
-logFile
Logs/AssetImportWorker6.log
-srvPort
55734
Successfully changed project path to: C:/Users/User/BOWLING
C:/Users/User/BOWLING
[UnityMemory] Configuration Parameters - Can be set up in boot.config
    "memorysetup-bucket-allocator-granularity=16"
    "memorysetup-bucket-allocator-bucket-count=8"
    "memorysetup-bucket-allocator-block-size=33554432"
    "memorysetup-bucket-allocator-block-count=8"
    "memorysetup-main-allocator-block-size=16777216"
    "memorysetup-thread-allocator-block-size=16777216"
    "memorysetup-gfx-main-allocator-block-size=16777216"
    "memorysetup-gfx-thread-allocator-block-size=16777216"
    "memorysetup-cache-allocator-block-size=4194304"
    "memorysetup-typetree-allocator-block-size=2097152"
    "memorysetup-profiler-bucket-allocator-granularity=16"
    "memorysetup-profiler-bucket-allocator-bucket-count=8"
    "memorysetup-profiler-bucket-allocator-block-size=33554432"
    "memorysetup-profiler-bucket-allocator-block-count=8"
    "memorysetup-profiler-allocator-block-size=16777216"
    "memorysetup-profiler-editor-allocator-block-size=1048576"
    "memorysetup-temp-allocator-size-main=16777216"
    "memorysetup-job-temp-allocator-block-size=2097152"
    "memorysetup-job-temp-allocator-block-size-background=1048576"
    "memorysetup-job-temp-allocator-reduction-small-platforms=262144"
    "memorysetup-temp-allocator-size-background-worker=32768"
    "memorysetup-temp-allocator-size-job-worker=262144"
    "memorysetup-temp-allocator-size-preload-manager=33554432"
    "memorysetup-temp-allocator-size-nav-mesh-worker=65536"
    "memorysetup-temp-allocator-size-audio-worker=65536"
    "memorysetup-temp-allocator-size-cloud-worker=32768"
    "memorysetup-temp-allocator-size-gi-baking-worker=262144"
    "memorysetup-temp-allocator-size-gfx=262144"
Refreshing native plugins compatible for Editor in 124.19 ms, found 3 plugins.
Preloading 0 native plugins for Editor in 0.00 ms.
Initialize engine version: 2021.3.0f1 (6eacc8284459)
[Subsystems] Discovering subsystems at path C:/Program Files/Unity/Hub/Editor/2021.3.0f1/Editor/Data/Resources/UnitySubsystems
[Subsystems] Discovering subsystems at path C:/Users/User/BOWLING/Assets
GfxDevice: creating device client; threaded=0; jobified=0
Direct3D:
    Version:  Direct3D 11.0 [level 11.1]
    Renderer: Intel(R) UHD Graphics 620 (ID=0x5917)
    Vendor:   Intel
    VRAM:     4050 MB
    Driver:   26.20.100.7323
Initialize mono
Mono path[0] = 'C:/Program Files/Unity/Hub/Editor/2021.3.0f1/Editor/Data/Managed'
Mono path[1] = 'C:/Program Files/Unity/Hub/Editor/2021.3.0f1/Editor/Data/MonoBleedingEdge/lib/mono/unityjit-win32'
Mono config path = 'C:/Program Files/Unity/Hub/Editor/2021.3.0f1/Editor/Data/MonoBleedingEdge/etc'
Using monoOptions --debugger-agent=transport=dt_socket,embedding=1,server=y,suspend=n,address=127.0.0.1:56040
Begin MonoManager ReloadAssembly
Registering precompiled unity dll's ...
Register platform support module: C:/Program Files/Unity/Hub/Editor/2021.3.0f1/Editor/Data/PlaybackEngines/WebGLSupport/UnityEditor.WebGL.Extensions.dll
Register platform support module: C:/Program Files/Unity/Hub/Editor/2021.3.0f1/Editor/Data/PlaybackEngines/WindowsStandaloneSupport/UnityEditor.WindowsStandalone.Extensions.dll
Registered in 0.012665 seconds.
Native extension for WindowsStandalone target not found
Native extension for WebGL target not found
Refreshing native plugins compatible for Editor in 259.57 ms, found 3 plugins.
Preloading 0 native plugins for Editor in 0.00 ms.
Mono: successfully reloaded assembly
- Completed reload, in  1.753 seconds
Domain Reload Profiling:
	ReloadAssembly (1754ms)
		BeginReloadAssembly (111ms)
			ExecutionOrderSort (0ms)
			DisableScriptedObjects (0ms)
			BackupInstance (0ms)
			ReleaseScriptingObjects (0ms)
			CreateAndSetChildDomain (1ms)
		EndReloadAssembly (1473ms)
			LoadAssemblies (108ms)
			RebuildTransferFunctionScriptingTraits (0ms)
			SetupTypeCache (274ms)
			ReleaseScriptCaches (0ms)
			RebuildScriptCaches (111ms)
			SetupLoadedEditorAssemblies (914ms)
				LogAssemblyErrors (0ms)
				InitializePlatformSupportModulesInManaged (39ms)
				SetLoadedEditorAssemblies (1ms)
				RefreshPlugins (260ms)
				BeforeProcessingInitializeOnLoad (6ms)
				ProcessInitializeOnLoadAttributes (437ms)
				ProcessInitializeOnLoadMethodAttributes (171ms)
				AfterProcessingInitializeOnLoad (0ms)
				EditorAssembliesLoaded (0ms)
			ExecutionOrderSort2 (0ms)
			AwakeInstancesAfterBackupRestoration (0ms)
Platform modules already initialized, skipping
Registering precompiled user dll's ...
Registered in 0.021111 seconds.
Begin MonoManager ReloadAssembly
Symbol file LoadedFromMemory doesn't match image C:\Users\User\BOWLING\Library\PackageCache\com.unity.visualscripting@1.7.6\Editor\VisualScripting.Core\Dependencies\YamlDotNet\Unity.VisualScripting.YamlDotNet.dll
Symbol file LoadedFromMemory is not a mono symbol file
Symbol file LoadedFromMemory doesn't match image C:\Users\User\BOWLING\Library\PackageCache\com.unity.visualscripting@1.7.6\Editor\VisualScripting.Core\Dependencies\DotNetZip\Unity.VisualScripting.IonicZip.dll
Native extension for WindowsStandalone target not found
Native extension for WebGL target not found
Refreshing native plugins compatible for Editor in 0.62 ms, found 3 plugins.
Preloading 0 native plugins for Editor in 0.00 ms.
Mono: successfully reloaded assembly
- Completed reload, in  3.213 seconds
Domain Reload Profiling:
	ReloadAssembly (3215ms)
		BeginReloadAssembly (142ms)
			ExecutionOrderSort (0ms)
			DisableScriptedObjects (7ms)
			BackupInstance (0ms)
			ReleaseScriptingObjects (0ms)
			CreateAndSetChildDomain (22ms)
		EndReloadAssembly (2677ms)
			LoadAssemblies (1211ms)
			RebuildTransferFunctionScriptingTraits (0ms)
			SetupTypeCache (410ms)
			ReleaseScriptCaches (1ms)
			RebuildScriptCaches (68ms)
			SetupLoadedEditorAssemblies (894ms)
				LogAssemblyErrors (0ms)
				InitializePlatformSupportModulesInManaged (11ms)
				SetLoadedEditorAssemblies (1ms)
				RefreshPlugins (1ms)
				BeforeProcessingInitializeOnLoad (122ms)
				ProcessInitializeOnLoadAttributes (483ms)
				ProcessInitializeOnLoadMethodAttributes (244ms)
				AfterProcessingInitializeOnLoad (31ms)
				EditorAssembliesLoaded (0ms)
			ExecutionOrderSort2 (0ms)
			AwakeInstancesAfterBackupRestoration (20ms)
Platform modules already initialized, skipping
========================================================================
Worker process is ready to serve import requests
Launched and connected shader compiler UnityShaderCompiler.exe after 1.48 seconds
Refreshing native plugins compatible for Editor in 0.99 ms, found 3 plugins.
Preloading 0 native plugins for Editor in 0.00 ms.
Unloading 3225 Unused Serialized files (Serialized files now loaded: 0)
Unloading 23 unused Assets / (112.4 KB). Loaded Objects now: 3685.
Memory consumption went from 112.1 MB to 112.0 MB.
Total: 3.745200 ms (FindLiveObjects: 0.394400 ms CreateObjectMapping: 0.256200 ms MarkObjects: 2.976600 ms  DeleteObjects: 0.117100 ms)

AssetImportParameters requested are different than current active one (requested -> active):
  custom:video-decoder-ogg-theora: a1e56fd34408186e4bbccfd4996cb3dc -> 
  custom:container-muxer-webm: aa71ff27fc2769a1b78a27578f13a17b -> 
  custom:container-demuxer-webm: 4f35f7cbe854078d1ac9338744f61a02 -> 
  custom:video-encoder-webm-vp8: eb34c28f22e8b96e1ab97ce403110664 -> 
  custom:audio-encoder-webm-vorbis: bf7c407c2cedff20999df2af8eb42d56 -> 
  custom:framework-win-MediaFoundation: 216162199b28c13a410421893ffa2e32 -> 
  custom:container-demuxer-ogg: 62fdf1f143b41e24485cea50d1cbac27 -> 
  custom:video-decoder-webm-vp8: 9c59270c3fd7afecdb556c50c9e8de78 -> 
  custom:audio-decoder-ogg-vorbis: bf7c407c2cedff20999df2af8eb42d56 -> 
========================================================================
Received Import Request.
  Time since last request: 197614.169705 seconds.
  path: Assets/Cylinder.prefab
  artifactKey: Guid(5f2b2ff8c479c934fab3bb917b18e403) Importer(815301076,1909f56bfc062723c751e8b465ee728b)
Start importing Assets/Cylinder.prefab using Guid(5f2b2ff8c479c934fab3bb917b18e403) Importer(815301076,1909f56bfc062723c751e8b465ee728b)  -> (artifact id: '541ec93599fd9d58fa9b4383b0fd9e37') in 0.696809 seconds 
========================================================================
Received Import Request.
  Time since last request: 1900.346734 seconds.
  path: Assets/Scenes
  artifactKey: Guid(6ea315d0fd7389c41b19996891e99ae3) Importer(815301076,1909f56bfc062723c751e8b465ee728b)
Start importing Assets/Scenes using Guid(6ea315d0fd7389c41b19996891e99ae3) Importer(815301076,1909f56bfc062723c751e8b465ee728b)  -> (artifact id: 'b8193726cff86800c54781cdc6d54904') in 0.083421 seconds 
========================================================================
Received Import Request.
  Time since last request: 430.291720 seconds.
  path: Assets/Scene 0.unity
  artifactKey: Guid(876b86d8002590c40aa0a5cb77255579) Importer(815301076,1909f56bfc062723c751e8b465ee728b)
Start importing Assets/Scene 0.unity using Guid(876b86d8002590c40aa0a5cb77255579) Importer(815301076,1909f56bfc062723c751e8b465ee728b)  -> (artifact id: '00000000000000000000000000000000') in 3.291059 seconds  code(4) message(Build asset version error: assets/scene 0.unity in SourceAssetDB has modification time of '2022-06-14T16:25:05.7738904Z' while content on disk has modification time of '0001-01-01T00:00:00Z' with error code 2
Stacktrace:
0x00007ff7c1e3a53d (Unity) StackWalker::GetCurrentCallstack
0x00007ff7c1e41299 (Unity) StackWalker::ShowCallstack
0x00007ff7c2da5de3 (Unity) GetStacktrace
0x00007ff7c3162ec4 (Unity) GetAssetHashAndValidate
0x00007ff7c315def8 (Unity) AssetVersionBuilder::BuildHashOfSourceAssetArray
0x00007ff7c315becd (Unity) AssetVersionBuilder::BuildAssetVersion
0x00007ff7c31349c1 (Unity) CreateAssetVersionBuilder
0x00007ff7c313c6c3 (Unity) ImportToObjects
0x00007ff7c313b3f3 (Unity) ImportAsset
0x00007ff7c30c48bd (Unity) AssetImportWorker::Import
0x00007ff7c30f36dd (Unity) <lambda_ca53b573172fc28aace6b3c957685a93>::operator()
0x00007ff7c3187ed2 (Unity) asio::detail::completion_handler<core::mutable_function<void __cdecl(void)> >::do_complete
0x00007ff7c318a15d (Unity) asio::detail::win_iocp_io_service::do_one
0x00007ff7c318d57e (Unity) asio::io_service::run
0x00007ff7c3186371 (Unity) IOService::Run
0x00007ff7c311f828 (Unity) RunAssetImportWorkerClientV2
0x00007ff7c311f8fb (Unity) RunAssetImporterV2
0x00007ff7c2958820 (Unity) Application::InitializeProject
0x00007ff7c2db0548 (Unity) WinMain
0x00007ff7c40d1d4e (Unity) __scrt_common_main_seh
0x00007ff882627034 (KERNEL32) BaseThreadInitThunk
0x00007ff884002651 (ntdll) RtlUserThreadStart
)
  ERROR: Build asset version error: assets/scene 0.unity in SourceAssetDB has modification time of '2022-06-14T16:25:05.7738904Z' while content on disk has modification time of '0001-01-01T00:00:00Z' with error code 2
Stacktrace:
0x00007ff7c1e3a53d (Unity) StackWalker::GetCurrentCallstack
0x00007ff7c1e41299 (Unity) StackWalker::ShowCallstack
0x00007ff7c2da5de3 (Unity) GetStacktrace
0x00007ff7c3162ec4 (Unity) GetAssetHashAndValidate
0x00007ff7c315def8 (Unity) AssetVersionBuilder::BuildHashOfSourceAssetArray
0x00007ff7c315becd (Unity) AssetVersionBuilder::BuildAssetVersion
0x00007ff7c31349c1 (Unity) CreateAssetVersionBuilder
0x00007ff7c313c6c3 (Unity) ImportToObjects
0x00007ff7c313b3f3 (Unity) ImportAsset
0x00007ff7c30c48bd (Unity) AssetImportWorker::Import
0x00007ff7c30f36dd (Unity) <lambda_ca53b573172fc28aace6b3c957685a93>::operator()
0x00007ff7c3187ed2 (Unity) asio::detail::completion_handler<core::mutable_function<void __cdecl(void)> >::do_complete
0x00007ff7c318a15d (Unity) asio::detail::win_iocp_io_service::do_one
0x00007ff7c318d57e (Unity) asio::io_service::run
0x00007ff7c3186371 (Unity) IOService::Run
0x00007ff7c311f828 (Unity) RunAssetImportWorkerClientV2
0x00007ff7c311f8fb (Unity) RunAssetImporterV2
0x00007ff7c2958820 (Unity) Application::InitializeProject
0x00007ff7c2db0548 (Unity) WinMain
0x00007ff7c40d1d4e (Unity) __scrt_common_main_seh
0x00007ff882627034 (KERNEL32) BaseThreadInitThunk
0x00007ff884002651 (ntdll) RtlUserThreadStart

========================================================================
Received Import Request.
  Time since last request: 28.778310 seconds.
  path: Assets/Scenes/SampleScene.unity
  artifactKey: Guid(9fc0d4010bbf28b4594072e72b8655ab) Importer(815301076,1909f56bfc062723c751e8b465ee728b)
Start importing Assets/Scenes/SampleScene.unity using Guid(9fc0d4010bbf28b4594072e72b8655ab) Importer(815301076,1909f56bfc062723c751e8b465ee728b)  -> (artifact id: '80894c9460eb902097a9414c68587348') in 0.008662 seconds 
========================================================================
Received Import Request.
  Time since last request: 123.136874 seconds.
  path: Assets/Scenes/Scene 1.unity
  artifactKey: Guid(57217fb084093564088a263a56c2d953) Importer(815301076,1909f56bfc062723c751e8b465ee728b)
Start importing Assets/Scenes/Scene 1.unity using Guid(57217fb084093564088a263a56c2d953) Importer(815301076,1909f56bfc062723c751e8b465ee728b)  -> (artifact id: '48d0631e69baf6ccf51cbebc95de35fe') in 0.011090 seconds 
========================================================================
Received Prepare
Registering precompiled user dll's ...
Registered in 0.005266 seconds.
Begin MonoManager ReloadAssembly
Symbol file LoadedFromMemory doesn't match image C:\Users\User\BOWLING\Library\PackageCache\com.unity.visualscripting@1.7.6\Editor\VisualScripting.Core\Dependencies\YamlDotNet\Unity.VisualScripting.YamlDotNet.dll
Symbol file LoadedFromMemory is not a mono symbol file
Symbol file LoadedFromMemory doesn't match image C:\Users\User\BOWLING\Library\PackageCache\com.unity.visualscripting@1.7.6\Editor\VisualScripting.Core\Dependencies\DotNetZip\Unity.VisualScripting.IonicZip.dll
Native extension for WindowsStandalone target not found
Native extension for WebGL target not found
Refreshing native plugins compatible for Editor in 1.00 ms, found 3 plugins.
Preloading 0 native plugins for Editor in 0.00 ms.
Mono: successfully reloaded assembly
- Completed reload, in  3.289 seconds
Domain Reload Profiling:
	ReloadAssembly (3294ms)
		BeginReloadAssembly (725ms)
			ExecutionOrderSort (0ms)
			DisableScriptedObjects (40ms)
			BackupInstance (0ms)
			ReleaseScriptingObjects (0ms)
			CreateAndSetChildDomain (266ms)
		EndReloadAssembly (2223ms)
			LoadAssemblies (307ms)
			RebuildTransferFunctionScriptingTraits (0ms)
			SetupTypeCache (792ms)
			ReleaseScriptCaches (2ms)
			RebuildScriptCaches (122ms)
			SetupLoadedEditorAssemblies (882ms)
				LogAssemblyErrors (0ms)
				InitializePlatformSupportModulesInManaged (41ms)
				SetLoadedEditorAssemblies (1ms)
				RefreshPlugins (1ms)
				BeforeProcessingInitializeOnLoad (202ms)
				ProcessInitializeOnLoadAttributes (548ms)
				ProcessInitializeOnLoadMethodAttributes (63ms)
				AfterProcessingInitializeOnLoad (26ms)
				EditorAssembliesLoaded (0ms)
			ExecutionOrderSort2 (0ms)
			AwakeInstancesAfterBackupRestoration (21ms)
Platform modules already initialized, skipping
Refreshing native plugins compatible for Editor in 5.05 ms, found 3 plugins.
Preloading 0 native plugins for Editor in 0.00 ms.
Unloading 3220 Unused Serialized files (Serialized files now loaded: 0)
Unloading 16 unused Assets / (79.3 KB). Loaded Objects now: 3696.
Memory consumption went from 116.5 MB to 116.4 MB.
Total: 4.094000 ms (FindLiveObjects: 0.310100 ms CreateObjectMapping: 0.191200 ms MarkObjects: 3.489600 ms  DeleteObjects: 0.101300 ms)

AssetImportParameters requested are different than current active one (requested -> active):
  custom:video-decoder-ogg-theora: a1e56fd34408186e4bbccfd4996cb3dc -> 
  custom:container-muxer-webm: aa71ff27fc2769a1b78a27578f13a17b -> 
  custom:container-demuxer-webm: 4f35f7cbe854078d1ac9338744f61a02 -> 
  custom:video-encoder-webm-vp8: eb34c28f22e8b96e1ab97ce403110664 -> 
  custom:audio-encoder-webm-vorbis: bf7c407c2cedff20999df2af8eb42d56 -> 
  custom:framework-win-MediaFoundation: 216162199b28c13a410421893ffa2e32 -> 
  custom:container-demuxer-ogg: 62fdf1f143b41e24485cea50d1cbac27 -> 
  custom:video-decoder-webm-vp8: 9c59270c3fd7afecdb556c50c9e8de78 -> 
  custom:audio-decoder-ogg-vorbis: bf7c407c2cedff20999df2af8eb42d56 -> 
========================================================================
Received Prepare
Registering precompiled user dll's ...
Registered in 0.021254 seconds.
Begin MonoManager ReloadAssembly
Symbol file LoadedFromMemory doesn't match image C:\Users\User\BOWLING\Library\PackageCache\com.unity.visualscripting@1.7.6\Editor\VisualScripting.Core\Dependencies\YamlDotNet\Unity.VisualScripting.YamlDotNet.dll
Symbol file LoadedFromMemory is not a mono symbol file
Symbol file LoadedFromMemory doesn't match image C:\Users\User\BOWLING\Library\PackageCache\com.unity.visualscripting@1.7.6\Editor\VisualScripting.Core\Dependencies\DotNetZip\Unity.VisualScripting.IonicZip.dll
Native extension for WindowsStandalone target not found
Native extension for WebGL target not found
Refreshing native plugins compatible for Editor in 2.29 ms, found 3 plugins.
Preloading 0 native plugins for Editor in 0.00 ms.
Mono: successfully reloaded assembly
- Completed reload, in  8.726 seconds
Domain Reload Profiling:
	ReloadAssembly (8794ms)
		BeginReloadAssembly (4536ms)
			ExecutionOrderSort (0ms)
			DisableScriptedObjects (147ms)
			BackupInstance (0ms)
			ReleaseScriptingObjects (0ms)
			CreateAndSetChildDomain (1537ms)
		EndReloadAssembly (3690ms)
			LoadAssemblies (1050ms)
			RebuildTransferFunctionScriptingTraits (0ms)
			SetupTypeCache (1225ms)
			ReleaseScriptCaches (5ms)
			RebuildScriptCaches (162ms)
			SetupLoadedEditorAssemblies (1252ms)
				LogAssemblyErrors (0ms)
				InitializePlatformSupportModulesInManaged (94ms)
				SetLoadedEditorAssemblies (3ms)
				RefreshPlugins (3ms)
				BeforeProcessingInitializeOnLoad (249ms)
				ProcessInitializeOnLoadAttributes (789ms)
				ProcessInitializeOnLoadMethodAttributes (82ms)
				AfterProcessingInitializeOnLoad (32ms)
				EditorAssembliesLoaded (0ms)
			ExecutionOrderSort2 (0ms)
			AwakeInstancesAfterBackupRestoration (25ms)
Platform modules already initialized, skipping
Refreshing native plugins compatible for Editor in 6.13 ms, found 3 plugins.
Preloading 0 native plugins for Editor in 0.00 ms.
Unloading 3220 Unused Serialized files (Serialized files now loaded: 0)
Unloading 16 unused Assets / (79.4 KB). Loaded Objects now: 3699.
Memory consumption went from 116.5 MB to 116.4 MB.
Total: 19.787000 ms (FindLiveObjects: 0.637000 ms CreateObjectMapping: 0.928100 ms MarkObjects: 17.675300 ms  DeleteObjects: 0.543100 ms)

AssetImportParameters requested are different than current active one (requested -> active):
  custom:video-decoder-ogg-theora: a1e56fd34408186e4bbccfd4996cb3dc -> 
  custom:container-muxer-webm: aa71ff27fc2769a1b78a27578f13a17b -> 
  custom:container-demuxer-webm: 4f35f7cbe854078d1ac9338744f61a02 -> 
  custom:video-encoder-webm-vp8: eb34c28f22e8b96e1ab97ce403110664 -> 
  custom:audio-encoder-webm-vorbis: bf7c407c2cedff20999df2af8eb42d56 -> 
  custom:framework-win-MediaFoundation: 216162199b28c13a410421893ffa2e32 -> 
  custom:container-demuxer-ogg: 62fdf1f143b41e24485cea50d1cbac27 -> 
  custom:video-decoder-webm-vp8: 9c59270c3fd7afecdb556c50c9e8de78 -> 
  custom:audio-decoder-ogg-vorbis: bf7c407c2cedff20999df2af8eb42d56 -> 
========================================================================
Received Import Request.
  Time since last request: 52136.414484 seconds.
  path: Assets/Scenes/New Prefab.prefab
  artifactKey: Guid(516284bc707d6e24985bbafb0f699df9) Importer(815301076,1909f56bfc062723c751e8b465ee728b)
Start importing Assets/Scenes/New Prefab.prefab using Guid(516284bc707d6e24985bbafb0f699df9) Importer(815301076,1909f56bfc062723c751e8b465ee728b)  -> (artifact id: '7c46168863e4cba549e6cac739fe1ee6') in 0.445004 seconds 
========================================================================
Received Import Request.
  Time since last request: 31.602050 seconds.
  path: Assets/Scenes/box obstacle.prefab
  artifactKey: Guid(516284bc707d6e24985bbafb0f699df9) Importer(815301076,1909f56bfc062723c751e8b465ee728b)
Start importing Assets/Scenes/box obstacle.prefab using Guid(516284bc707d6e24985bbafb0f699df9) Importer(815301076,1909f56bfc062723c751e8b465ee728b)  -> (artifact id: 'a90f2f0412d596ad88b1c782f39ec6d8') in 0.029405 seconds 
========================================================================
Received Import Request.
  Time since last request: 43.447902 seconds.
  path: Assets/box obstacle.prefab
  artifactKey: Guid(516284bc707d6e24985bbafb0f699df9) Importer(815301076,1909f56bfc062723c751e8b465ee728b)
Start importing Assets/box obstacle.prefab using Guid(516284bc707d6e24985bbafb0f699df9) Importer(815301076,1909f56bfc062723c751e8b465ee728b)  -> (artifact id: '830bb44cbb48433355669a4b1c8c8692') in 0.058080 seconds 
========================================================================
Received Import Request.
  Time since last request: 53.510411 seconds.
  path: Assets/box obstacle.prefab
  artifactKey: Guid(516284bc707d6e24985bbafb0f699df9) Importer(815301076,1909f56bfc062723c751e8b465ee728b)
Start importing Assets/box obstacle.prefab using Guid(516284bc707d6e24985bbafb0f699df9) Importer(815301076,1909f56bfc062723c751e8b465ee728b)  -> (artifact id: '1f8e4fdccacf7862c61745136535db54') in 0.066991 seconds 
========================================================================
Received Import Request.
  Time since last request: 8.161210 seconds.
  path: Assets/box obstacle.prefab
  artifactKey: Guid(516284bc707d6e24985bbafb0f699df9) Importer(815301076,1909f56bfc062723c751e8b465ee728b)
Start importing Assets/box obstacle.prefab using Guid(516284bc707d6e24985bbafb0f699df9) Importer(815301076,1909f56bfc062723c751e8b465ee728b)  -> (artifact id: '5bd93201d1b0f3a9ae8ef4b14d3192da') in 1.040588 seconds 
========================================================================
Received Import Request.
  Time since last request: 42.587574 seconds.
  path: Assets/New Material.mat
  artifactKey: Guid(99ebfe917cb563641acd4d853bfe938d) Importer(815301076,1909f56bfc062723c751e8b465ee728b)
Start importing Assets/New Material.mat using Guid(99ebfe917cb563641acd4d853bfe938d) Importer(815301076,1909f56bfc062723c751e8b465ee728b)  -> (artifact id: 'a4ba390db93ec62b23014dd7a9ef1dfc') in 2.911858 seconds 
========================================================================
Received Import Request.
  Time since last request: 455.035505 seconds.
  path: Assets/Scenes/SampleScene.unity
  artifactKey: Guid(9fc0d4010bbf28b4594072e72b8655ab) Importer(815301076,1909f56bfc062723c751e8b465ee728b)
Start importing Assets/Scenes/SampleScene.unity using Guid(9fc0d4010bbf28b4594072e72b8655ab) Importer(815301076,1909f56bfc062723c751e8b465ee728b)  -> (artifact id: '385902d496b47aa7566761184b129b3c') in 0.080564 seconds 
========================================================================
Received Import Request.
  Time since last request: 20.980072 seconds.
  path: Assets/New Material.mat
  artifactKey: Guid(99ebfe917cb563641acd4d853bfe938d) Importer(815301076,1909f56bfc062723c751e8b465ee728b)
Start importing Assets/New Material.mat using Guid(99ebfe917cb563641acd4d853bfe938d) Importer(815301076,1909f56bfc062723c751e8b465ee728b)  -> (artifact id: '3ebdc617ad9fe4cacfbf486dfb274a52') in 0.091568 seconds 
========================================================================
Received Import Request.
  Time since last request: 51.004706 seconds.
  path: Assets/Scenes/SampleScene.unity
  artifactKey: Guid(9fc0d4010bbf28b4594072e72b8655ab) Importer(815301076,1909f56bfc062723c751e8b465ee728b)
Start importing Assets/Scenes/SampleScene.unity using Guid(9fc0d4010bbf28b4594072e72b8655ab) Importer(815301076,1909f56bfc062723c751e8b465ee728b)  -> (artifact id: '3e351cfbe04fab3d58efcf8b3a75f3ea') in 0.019853 seconds 
========================================================================
Received Import Request.
  Time since last request: 101.121242 seconds.
  path: Assets/New Terrain.asset
  artifactKey: Guid(9f1a8b866aeb7a54da8dc04efb19328a) Importer(815301076,1909f56bfc062723c751e8b465ee728b)
Start importing Assets/New Terrain.asset using Guid(9f1a8b866aeb7a54da8dc04efb19328a) Importer(815301076,1909f56bfc062723c751e8b465ee728b)  -> (artifact id: '2d0123429b3ee71670eac7a6bea265ea') in 0.131401 seconds 
========================================================================
Received Import Request.
  Time since last request: 279.714667 seconds.
  path: Assets/Scenes/SampleScene.unity
  artifactKey: Guid(9fc0d4010bbf28b4594072e72b8655ab) Importer(815301076,1909f56bfc062723c751e8b465ee728b)
Start importing Assets/Scenes/SampleScene.unity using Guid(9fc0d4010bbf28b4594072e72b8655ab) Importer(815301076,1909f56bfc062723c751e8b465ee728b)  -> (artifact id: '6979e3f4e38c2d4d38880bbeb8d0b9b5') in 0.009329 seconds 
========================================================================
Received Import Request.
  Time since last request: 12190.433697 seconds.
  path: Assets/box obstacle.prefab
  artifactKey: Guid(516284bc707d6e24985bbafb0f699df9) Importer(2089858483,934ff659095e30574adcf32a4c2f97b5)
Start importing Assets/box obstacle.prefab using Guid(516284bc707d6e24985bbafb0f699df9) Importer(2089858483,934ff659095e30574adcf32a4c2f97b5) Generated GUIDs only implemented for interfaces!
 -> (artifact id: 'e4bdcae2ab327a8025c13ead5f3e1b59') in 1.785568 seconds 
========================================================================
Received Import Request.
  Time since last request: 0.000042 seconds.
  path: Assets/New Material.mat
  artifactKey: Guid(99ebfe917cb563641acd4d853bfe938d) Importer(2089858483,934ff659095e30574adcf32a4c2f97b5)
Start importing Assets/New Material.mat using Guid(99ebfe917cb563641acd4d853bfe938d) Importer(2089858483,934ff659095e30574adcf32a4c2f97b5) Generated GUIDs only implemented for interfaces!
 -> (artifact id: '4a77473554954cca3649027ae566ce91') in 0.050763 seconds 
========================================================================
Received Import Request.
  Time since last request: 0.000032 seconds.
  path: Assets/Scenes/SampleScene.unity
  artifactKey: Guid(9fc0d4010bbf28b4594072e72b8655ab) Importer(2089858483,934ff659095e30574adcf32a4c2f97b5)
Start importing Assets/Scenes/SampleScene.unity using Guid(9fc0d4010bbf28b4594072e72b8655ab) Importer(2089858483,934ff659095e30574adcf32a4c2f97b5) Generated GUIDs only implemented for interfaces!
 -> (artifact id: 'f4aa1b8cacbf66e578727ae82750e947') in 0.015243 seconds 
========================================================================
Received Import Request.
  Time since last request: 0.000036 seconds.
  path: Assets/Scenes/Scene 1.unity
  artifactKey: Guid(57217fb084093564088a263a56c2d953) Importer(2089858483,934ff659095e30574adcf32a4c2f97b5)
Start importing Assets/Scenes/Scene 1.unity using Guid(57217fb084093564088a263a56c2d953) Importer(2089858483,934ff659095e30574adcf32a4c2f97b5) Generated GUIDs only implemented for interfaces!
 -> (artifact id: '5c77a6329739b79833dfc8470de9701b') in 0.316833 seconds 
========================================================================
Received Prepare
Refreshing native plugins compatible for Editor in 361.84 ms, found 3 plugins.
Preloading 0 native plugins for Editor in 0.00 ms.
Unloading 16 Unused Serialized files (Serialized files now loaded: 0)
Unloading 18 unused Assets / (0.6 MB). Loaded Objects now: 3735.
Memory consumption went from 53.5 MB to 52.9 MB.
Total: 2496.538600 ms (FindLiveObjects: 0.725300 ms CreateObjectMapping: 0.372100 ms MarkObjects: 2494.008300 ms  DeleteObjects: 1.426000 ms)

AssetImportParameters requested are different than current active one (requested -> active):
  custom:video-decoder-ogg-theora: a1e56fd34408186e4bbccfd4996cb3dc -> 
  custom:container-muxer-webm: aa71ff27fc2769a1b78a27578f13a17b -> 
  custom:container-demuxer-webm: 4f35f7cbe854078d1ac9338744f61a02 -> 
  custom:video-encoder-webm-vp8: eb34c28f22e8b96e1ab97ce403110664 -> 
  custom:audio-encoder-webm-vorbis: bf7c407c2cedff20999df2af8eb42d56 -> 
  custom:framework-win-MediaFoundation: 216162199b28c13a410421893ffa2e32 -> 
  custom:SearchIndexIgnoredProperties: e643bd26f0fe6173181afceb89e7c659 -> 
  custom:container-demuxer-ogg: 62fdf1f143b41e24485cea50d1cbac27 -> 
  custom:video-decoder-webm-vp8: 9c59270c3fd7afecdb556c50c9e8de78 -> 
  custom:audio-decoder-ogg-vorbis: bf7c407c2cedff20999df2af8eb42d56 -> 
========================================================================
Received Import Request.
  Time since last request: 21227.672890 seconds.
  path: Assets/Scene2.unity
  artifactKey: Guid(54f44669559cebd4ca18cffe0a3ba1fa) Importer(2089858483,934ff659095e30574adcf32a4c2f97b5)
Start importing Assets/Scene2.unity using Guid(54f44669559cebd4ca18cffe0a3ba1fa) Importer(2089858483,934ff659095e30574adcf32a4c2f97b5) Generated GUIDs only implemented for interfaces!
 -> (artifact id: '964329e1e6000bbc84c9f20a79778525') in 0.997530 seconds 
========================================================================
Received Import Request.
  Time since last request: 3.799765 seconds.
  path: Assets/Scenes/Scene2.unity
  artifactKey: Guid(54f44669559cebd4ca18cffe0a3ba1fa) Importer(2089858483,934ff659095e30574adcf32a4c2f97b5)
Start importing Assets/Scenes/Scene2.unity using Guid(54f44669559cebd4ca18cffe0a3ba1fa) Importer(2089858483,934ff659095e30574adcf32a4c2f97b5) Generated GUIDs only implemented for interfaces!
 -> (artifact id: '5589d66b3ee661e5eee4978b74efa468') in 0.130569 seconds 
========================================================================
Received Import Request.
  Time since last request: 19.379723 seconds.
  path: Assets/Scenes/Scene0.unity
  artifactKey: Guid(9fc0d4010bbf28b4594072e72b8655ab) Importer(815301076,1909f56bfc062723c751e8b465ee728b)
Start importing Assets/Scenes/Scene0.unity using Guid(9fc0d4010bbf28b4594072e72b8655ab) Importer(815301076,1909f56bfc062723c751e8b465ee728b)  -> (artifact id: '9c4600065b4d61dc3237e67583614759') in 0.083389 seconds 
========================================================================
Received Import Request.
  Time since last request: 0.841996 seconds.
  path: Assets/Scenes/Scene0.unity
  artifactKey: Guid(9fc0d4010bbf28b4594072e72b8655ab) Importer(2089858483,934ff659095e30574adcf32a4c2f97b5)
Start importing Assets/Scenes/Scene0.unity using Guid(9fc0d4010bbf28b4594072e72b8655ab) Importer(2089858483,934ff659095e30574adcf32a4c2f97b5) Generated GUIDs only implemented for interfaces!
 -> (artifact id: '4a10e10f325fd2c65c72cc850a2814f8') in 0.091969 seconds 
========================================================================
Received Import Request.
  Time since last request: 13.376999 seconds.
  path: Assets/Scenes/Scene 0.unity
  artifactKey: Guid(9fc0d4010bbf28b4594072e72b8655ab) Importer(815301076,1909f56bfc062723c751e8b465ee728b)
Start importing Assets/Scenes/Scene 0.unity using Guid(9fc0d4010bbf28b4594072e72b8655ab) Importer(815301076,1909f56bfc062723c751e8b465ee728b)  -> (artifact id: '1e5fe62b88a1c23cbeea5bb401abb2f3') in 0.036348 seconds 
========================================================================
Received Import Request.
  Time since last request: 0.954409 seconds.
  path: Assets/Scenes/Scene 0.unity
  artifactKey: Guid(9fc0d4010bbf28b4594072e72b8655ab) Importer(2089858483,934ff659095e30574adcf32a4c2f97b5)
Start importing Assets/Scenes/Scene 0.unity using Guid(9fc0d4010bbf28b4594072e72b8655ab) Importer(2089858483,934ff659095e30574adcf32a4c2f97b5) Generated GUIDs only implemented for interfaces!
 -> (artifact id: '434ed539f7eef48f0b99701588bc8811') in 0.147725 seconds 
========================================================================
Received Import Request.
  Time since last request: 3.709220 seconds.
  path: Assets/Scenes/Scene2.unity
  artifactKey: Guid(54f44669559cebd4ca18cffe0a3ba1fa) Importer(815301076,1909f56bfc062723c751e8b465ee728b)
Start importing Assets/Scenes/Scene2.unity using Guid(54f44669559cebd4ca18cffe0a3ba1fa) Importer(815301076,1909f56bfc062723c751e8b465ee728b)  -> (artifact id: '3b2b6845e0d184cf01199805981ca3ef') in 0.024175 seconds 
========================================================================
Received Import Request.
  Time since last request: 93.467028 seconds.
  path: Assets/Scenes/Scene 0.unity
  artifactKey: Guid(9fc0d4010bbf28b4594072e72b8655ab) Importer(815301076,1909f56bfc062723c751e8b465ee728b)
Start importing Assets/Scenes/Scene 0.unity using Guid(9fc0d4010bbf28b4594072e72b8655ab) Importer(815301076,1909f56bfc062723c751e8b465ee728b)  -> (artifact id: '492fa7f3c0671910324cf6cc736b1853') in 0.002531 seconds 
========================================================================
Received Import Request.
  Time since last request: 0.788243 seconds.
  path: Assets/Scenes/Scene 0.unity
  artifactKey: Guid(9fc0d4010bbf28b4594072e72b8655ab) Importer(2089858483,934ff659095e30574adcf32a4c2f97b5)
Start importing Assets/Scenes/Scene 0.unity using Guid(9fc0d4010bbf28b4594072e72b8655ab) Importer(2089858483,934ff659095e30574adcf32a4c2f97b5) Generated GUIDs only implemented for interfaces!
 -> (artifact id: '7c2035309de802f67868dae2aef96452') in 0.063736 seconds 
========================================================================
Received Import Request.
  Time since last request: 81.071074 seconds.
  path: Assets/Scenes/Scene 0.unity
  artifactKey: Guid(9fc0d4010bbf28b4594072e72b8655ab) Importer(2089858483,934ff659095e30574adcf32a4c2f97b5)
Start importing Assets/Scenes/Scene 0.unity using Guid(9fc0d4010bbf28b4594072e72b8655ab) Importer(2089858483,934ff659095e30574adcf32a4c2f97b5) Generated GUIDs only implemented for interfaces!
 -> (artifact id: '5282466056cd6fe370ba0633130f2223') in 0.068908 seconds 
